This file contains any messages produced by compilers while
running configure, to aid debugging if configure makes a mistake.

It was created by ssp configure 1.0, which was
generated by GNU Autoconf 2.65.  Invocation command line was

  $ ../configure CPPFLAGS=-DDEBUG CXXFLAGS=-g -O0

## --------- ##
## Platform. ##
## --------- ##

hostname = new-host-3.home
uname -m = x86_64
uname -r = 11.4.2
uname -s = Darwin
uname -v = Darwin Kernel Version 11.4.2: Thu Aug 23 16:25:48 PDT 2012; root:xnu-1699.32.7~1/RELEASE_X86_64

/usr/bin/uname -p = i386
/bin/uname -X     = unknown

/bin/arch              = unknown
/usr/bin/arch -k       = unknown
/usr/convex/getsysinfo = unknown
/usr/bin/hostinfo      = Mach kernel version:
	 Darwin Kernel Version 11.4.2: Thu Aug 23 16:25:48 PDT 2012; root:xnu-1699.32.7~1/RELEASE_X86_64
Kernel configured for up to 8 processors.
4 processors are physically available.
8 processors are logically available.
Processor type: i486 (Intel 80486)
Processors active: 0 1 2 3 4 5 6 7
Primary memory available: 8.00 gigabytes
Default processor set: 156 tasks, 919 threads, 8 processors
Load average: 0.87, Mach factor: 7.12
/bin/machine           = unknown
/usr/bin/oslevel       = unknown
/bin/universe          = unknown

PATH: /opt/local/bin
PATH: /opt/local/sbin
PATH: /opt/local/bin
PATH: /opt/local/sbin
PATH: /Library/PostgreSQL/8.4/bin
PATH: /usr/bin
PATH: /bin
PATH: /usr/sbin
PATH: /sbin
PATH: /usr/local/bin
PATH: /usr/X11/bin
PATH: /usr/local/git/bin
PATH: /usr/local/apache-tomcat/bin
PATH: /usr/local/mysql/bin
PATH: /usr/local/apache-ant/bin
PATH: /usr/local/apache-maven/bin
PATH: /usr/local/oracle/instantclient_10_2
PATH: /usr/local/mysql/bin
PATH: /usr/local/bin/depot_tools
PATH: /Users/dhorton/pactolus_app_server/bin
PATH: /Users/dhorton/pactolus_app_server/scripts
PATH: /Users/dhorton/android-sdk-mac_x86-1.1_r1/tools
PATH: /opt/subversion/bin


## ----------- ##
## Core tests. ##
## ----------- ##

configure:1837: checking for a BSD-compatible install
configure:1905: result: /usr/bin/install -c
configure:1916: checking whether build environment is sane
configure:1966: result: yes
configure:2107: checking for a thread-safe mkdir -p
configure:2146: result: ../install-sh -c -d
configure:2159: checking for gawk
configure:2175: found /opt/local/bin/gawk
configure:2186: result: gawk
configure:2197: checking whether make sets $(MAKE)
configure:2219: result: yes
configure:2362: checking for g++
configure:2378: found /usr/bin/g++
configure:2389: result: g++
configure:2416: checking for C++ compiler version
configure:2425: g++ --version >&5
i686-apple-darwin11-llvm-g++-4.2 (GCC) 4.2.1 (Based on Apple Inc. build 5658) (LLVM build 2336.9.00)
Copyright (C) 2007 Free Software Foundation, Inc.
This is free software; see the source for copying conditions.  There is NO
warranty; not even for MERCHANTABILITY or FITNESS FOR A PARTICULAR PURPOSE.

configure:2436: $? = 0
configure:2425: g++ -v >&5
Using built-in specs.
Target: i686-apple-darwin11
Configured with: /private/var/tmp/llvmgcc42/llvmgcc42-2336.9~22/src/configure --disable-checking --enable-werror --prefix=/Applications/Xcode.app/Contents/Developer/usr/llvm-gcc-4.2 --mandir=/share/man --enable-languages=c,objc,c++,obj-c++ --program-prefix=llvm- --program-transform-name=/^[cg][^.-]*$/s/$/-4.2/ --with-slibdir=/usr/lib --build=i686-apple-darwin11 --enable-llvm=/private/var/tmp/llvmgcc42/llvmgcc42-2336.9~22/dst-llvmCore/Developer/usr/local --program-prefix=i686-apple-darwin11- --host=x86_64-apple-darwin11 --target=i686-apple-darwin11 --with-gxx-include-dir=/usr/include/c++/4.2.1
Thread model: posix
gcc version 4.2.1 (Based on Apple Inc. build 5658) (LLVM build 2336.9.00)
configure:2436: $? = 0
configure:2425: g++ -V >&5
llvm-g++-4.2: argument to `-V' is missing
configure:2436: $? = 1
configure:2425: g++ -qversion >&5
i686-apple-darwin11-llvm-g++-4.2: no input files
configure:2436: $? = 1
configure:2456: checking whether the C++ compiler works
configure:2478: g++ -g -O0 -DDEBUG  conftest.cpp  >&5
configure:2482: $? = 0
configure:2531: result: yes
configure:2534: checking for C++ compiler default output file name
configure:2536: result: a.out
configure:2542: checking for suffix of executables
configure:2549: g++ -o conftest -g -O0 -DDEBUG  conftest.cpp  >&5
configure:2553: $? = 0
configure:2575: result: 
configure:2597: checking whether we are cross compiling
configure:2605: g++ -o conftest -g -O0 -DDEBUG  conftest.cpp  >&5
configure:2609: $? = 0
configure:2616: ./conftest
configure:2620: $? = 0
configure:2635: result: no
configure:2640: checking for suffix of object files
configure:2662: g++ -c -g -O0 -DDEBUG conftest.cpp >&5
configure:2666: $? = 0
configure:2687: result: o
configure:2691: checking whether we are using the GNU C++ compiler
configure:2710: g++ -c -g -O0 -DDEBUG conftest.cpp >&5
configure:2710: $? = 0
configure:2719: result: yes
configure:2728: checking whether g++ accepts -g
configure:2748: g++ -c -g -DDEBUG conftest.cpp >&5
configure:2748: $? = 0
configure:2789: result: yes
configure:2823: checking for style of include used by make
configure:2851: result: GNU
configure:2876: checking dependency style of g++
configure:2986: result: gcc3
configure:3049: checking for gcc
configure:3065: found /usr/bin/gcc
configure:3076: result: gcc
configure:3305: checking for C compiler version
configure:3314: gcc --version >&5
i686-apple-darwin11-llvm-gcc-4.2 (GCC) 4.2.1 (Based on Apple Inc. build 5658) (LLVM build 2336.9.00)
Copyright (C) 2007 Free Software Foundation, Inc.
This is free software; see the source for copying conditions.  There is NO
warranty; not even for MERCHANTABILITY or FITNESS FOR A PARTICULAR PURPOSE.

configure:3325: $? = 0
configure:3314: gcc -v >&5
Using built-in specs.
Target: i686-apple-darwin11
Configured with: /private/var/tmp/llvmgcc42/llvmgcc42-2336.9~22/src/configure --disable-checking --enable-werror --prefix=/Applications/Xcode.app/Contents/Developer/usr/llvm-gcc-4.2 --mandir=/share/man --enable-languages=c,objc,c++,obj-c++ --program-prefix=llvm- --program-transform-name=/^[cg][^.-]*$/s/$/-4.2/ --with-slibdir=/usr/lib --build=i686-apple-darwin11 --enable-llvm=/private/var/tmp/llvmgcc42/llvmgcc42-2336.9~22/dst-llvmCore/Developer/usr/local --program-prefix=i686-apple-darwin11- --host=x86_64-apple-darwin11 --target=i686-apple-darwin11 --with-gxx-include-dir=/usr/include/c++/4.2.1
Thread model: posix
gcc version 4.2.1 (Based on Apple Inc. build 5658) (LLVM build 2336.9.00)
configure:3325: $? = 0
configure:3314: gcc -V >&5
llvm-gcc-4.2: argument to `-V' is missing
configure:3325: $? = 1
configure:3314: gcc -qversion >&5
i686-apple-darwin11-llvm-gcc-4.2: no input files
configure:3325: $? = 1
configure:3329: checking whether we are using the GNU C compiler
configure:3348: gcc -c  -DDEBUG conftest.c >&5
configure:3348: $? = 0
configure:3357: result: yes
configure:3366: checking whether gcc accepts -g
configure:3386: gcc -c -g -DDEBUG conftest.c >&5
configure:3386: $? = 0
configure:3427: result: yes
configure:3444: checking for gcc option to accept ISO C89
configure:3508: gcc  -c -g -O2 -DDEBUG conftest.c >&5
configure:3508: $? = 0
configure:3521: result: none needed
configure:3543: checking dependency style of gcc
configure:3653: result: gcc3
configure:3800: creating ./config.status

## ---------------------- ##
## Running config.status. ##
## ---------------------- ##

This file was extended by ssp config.status 1.0, which was
generated by GNU Autoconf 2.65.  Invocation command line was

  CONFIG_FILES    = 
  CONFIG_HEADERS  = 
  CONFIG_LINKS    = 
  CONFIG_COMMANDS = 
  $ ./config.status 

on new-host-3.home

config.status:843: creating Makefile
config.status:843: creating config.h
config.status:1008: config.h is unchanged
config.status:1056: executing depfiles commands

## ---------------- ##
## Cache variables. ##
## ---------------- ##

ac_cv_c_compiler_gnu=yes
ac_cv_cxx_compiler_gnu=yes
ac_cv_env_CCC_set=
ac_cv_env_CCC_value=
ac_cv_env_CC_set=
ac_cv_env_CC_value=
ac_cv_env_CFLAGS_set=
ac_cv_env_CFLAGS_value=
ac_cv_env_CPPFLAGS_set=set
ac_cv_env_CPPFLAGS_value=-DDEBUG
ac_cv_env_CXXFLAGS_set=set
ac_cv_env_CXXFLAGS_value='-g -O0'
ac_cv_env_CXX_set=
ac_cv_env_CXX_value=
ac_cv_env_LDFLAGS_set=
ac_cv_env_LDFLAGS_value=
ac_cv_env_LIBS_set=
ac_cv_env_LIBS_value=
ac_cv_env_build_alias_set=
ac_cv_env_build_alias_value=
ac_cv_env_host_alias_set=
ac_cv_env_host_alias_value=
ac_cv_env_target_alias_set=
ac_cv_env_target_alias_value=
ac_cv_objext=o
ac_cv_path_install='/usr/bin/install -c'
ac_cv_prog_AWK=gawk
ac_cv_prog_ac_ct_CC=gcc
ac_cv_prog_ac_ct_CXX=g++
ac_cv_prog_cc_c89=
ac_cv_prog_cc_g=yes
ac_cv_prog_cxx_g=yes
ac_cv_prog_make_make_set=yes
am_cv_CC_dependencies_compiler_type=gcc3
am_cv_CXX_dependencies_compiler_type=gcc3

## ----------------- ##
## Output variables. ##
## ----------------- ##

ACLOCAL='${SHELL} /Users/dhorton/beachdog-enterprises/beachdog-networks/git/ssp/missing --run aclocal-1.11'
AMDEPBACKSLASH='\'
AMDEP_FALSE='#'
AMDEP_TRUE=''
AMTAR='${SHELL} /Users/dhorton/beachdog-enterprises/beachdog-networks/git/ssp/missing --run tar'
AUTOCONF='${SHELL} /Users/dhorton/beachdog-enterprises/beachdog-networks/git/ssp/missing --run autoconf'
AUTOHEADER='${SHELL} /Users/dhorton/beachdog-enterprises/beachdog-networks/git/ssp/missing --run autoheader'
AUTOMAKE='${SHELL} /Users/dhorton/beachdog-enterprises/beachdog-networks/git/ssp/missing --run automake-1.11'
AWK='gawk'
CC='gcc'
CCDEPMODE='depmode=gcc3'
CFLAGS='-g -O2'
CPPFLAGS='-DDEBUG'
CXX='g++'
CXXDEPMODE='depmode=gcc3'
CXXFLAGS='-g -O0'
CYGPATH_W='echo'
DEFS='-DHAVE_CONFIG_H'
DEPDIR='.deps'
ECHO_C=''
ECHO_N='-n'
ECHO_T=''
EXEEXT=''
INSTALL_DATA='${INSTALL} -m 644'
INSTALL_PROGRAM='${INSTALL}'
INSTALL_SCRIPT='${INSTALL}'
INSTALL_STRIP_PROGRAM='$(install_sh) -c -s'
LDFLAGS=''
LIBOBJS=''
LIBS=''
LTLIBOBJS=''
MAKEINFO='${SHELL} /Users/dhorton/beachdog-enterprises/beachdog-networks/git/ssp/missing --run makeinfo'
MKDIR_P='../install-sh -c -d'
OBJEXT='o'
PACKAGE='ssp'
PACKAGE_BUGREPORT='daveh@beachdognet.com'
PACKAGE_NAME='ssp'
PACKAGE_STRING='ssp 1.0'
PACKAGE_TARNAME='ssp'
PACKAGE_URL=''
PACKAGE_VERSION='1.0'
PATH_SEPARATOR=':'
SET_MAKE=''
SHELL='/bin/sh'
STRIP=''
VERSION='1.0'
ac_ct_CC='gcc'
ac_ct_CXX='g++'
am__EXEEXT_FALSE=''
am__EXEEXT_TRUE='#'
am__fastdepCC_FALSE='#'
am__fastdepCC_TRUE=''
am__fastdepCXX_FALSE='#'
am__fastdepCXX_TRUE=''
am__include='include'
am__isrc=' -I$(srcdir)'
am__leading_dot='.'
am__quote=''
am__tar='${AMTAR} chof - "$$tardir"'
am__untar='${AMTAR} xf -'
bindir='${exec_prefix}/bin'
build_alias=''
datadir='${datarootdir}'
datarootdir='${prefix}/share'
docdir='${datarootdir}/doc/${PACKAGE_TARNAME}'
dvidir='${docdir}'
exec_prefix='${prefix}'
host_alias=''
htmldir='${docdir}'
includedir='${prefix}/include'
infodir='${datarootdir}/info'
install_sh='${SHELL} /Users/dhorton/beachdog-enterprises/beachdog-networks/git/ssp/install-sh'
libdir='${exec_prefix}/lib'
libexecdir='${exec_prefix}/libexec'
localedir='${datarootdir}/locale'
localstatedir='${prefix}/var'
mandir='${datarootdir}/man'
mkdir_p='$(top_builddir)/../install-sh -c -d'
oldincludedir='/usr/include'
pdfdir='${docdir}'
prefix='/usr/local'
program_transform_name='s,x,x,'
psdir='${docdir}'
sbindir='${exec_prefix}/sbin'
sharedstatedir='${prefix}/com'
sysconfdir='${prefix}/etc'
target_alias=''

## ----------- ##
## confdefs.h. ##
## ----------- ##

/* confdefs.h */
#define PACKAGE_NAME "ssp"
#define PACKAGE_TARNAME "ssp"
#define PACKAGE_VERSION "1.0"
#define PACKAGE_STRING "ssp 1.0"
#define PACKAGE_BUGREPORT "daveh@beachdognet.com"
#define PACKAGE_URL ""
#define PACKAGE "ssp"
#define VERSION "1.0"

configure: exit 0

## ---------------------- ##
## Running config.status. ##
## ---------------------- ##

This file was extended by ssp config.status 1.0, which was
generated by GNU Autoconf 2.65.  Invocation command line was

  CONFIG_FILES    = 
  CONFIG_HEADERS  = 
  CONFIG_LINKS    = 
  CONFIG_COMMANDS = 
  $ ./config.status Makefile depfiles

on Daves-MacBook-Pro.local

config.status:843: creating Makefile
config.status:1056: executing depfiles commands
